<?xml version="1.0" encoding="UTF-8"?>
<!-- Generated by org.testng.reporters.JUnitReportReporter -->
<testsuite hostname="DESKTOP-TVJIMI8" failures="0" tests="3" name="testNG.TestCase" time="6.916" errors="0" timestamp="2021-11-16T07:14:57 IST" skipped="0">
  <testcase classname="testNG.TestCase" name="faceook" time="2.025"/>
  <system-out/>
  <testcase classname="testNG.TestCase" name="openGoogle" time="1.959"/>
  <system-out/>
  <testcase classname="testNG.TestCase" name="inst" time="2.932"/>
  <system-out/>
</testsuite> <!-- testNG.TestCase -->
