<?xml version="1.0" encoding="UTF-8"?>
<!-- Generated by org.testng.reporters.JUnitReportReporter -->
<testsuite hostname="DESKTOP-TVJIMI8" failures="0" tests="4" name="testNG.Dependencies" time="10.723" errors="0" timestamp="2021-10-31T12:34:57 IST" skipped="0">
  <testcase classname="testNG.Dependencies" name="facebook" time="2.316"/>
  <system-out/>
  <testcase classname="testNG.Dependencies" name="inst" time="2.307"/>
  <system-out/>
  <testcase classname="testNG.Dependencies" name="amazon" time="4.016"/>
  <system-out/>
  <testcase classname="testNG.Dependencies" name="whatsapp" time="2.084"/>
  <system-out/>
</testsuite> <!-- testNG.Dependencies -->
