<?xml version="1.0" encoding="UTF-8"?>
<!-- Generated by org.testng.reporters.JUnitReportReporter -->
<testsuite hostname="DESKTOP-TVJIMI8" failures="0" tests="1" name="testNG.CreateGmailAccount" time="12.015" errors="0" timestamp="2021-10-31T12:32:01 IST" skipped="0">
  <testcase classname="testNG.CreateGmailAccount" name="login" time="12.015"/>
  <system-out/>
</testsuite> <!-- testNG.CreateGmailAccount -->
