<?xml version="1.0" encoding="UTF-8"?>
<!-- Generated by org.testng.reporters.JUnitReportReporter -->
<testsuite hostname="DESKTOP-TVJIMI8" failures="0" tests="4" name="testNG.Dependencies" time="11.896" errors="0" timestamp="2021-11-16T07:14:57 IST" skipped="0">
  <testcase classname="testNG.Dependencies" name="amazon" time="4.226"/>
  <system-out/>
  <testcase classname="testNG.Dependencies" name="whatsapp" time="2.879"/>
  <system-out/>
  <testcase classname="testNG.Dependencies" name="inst" time="3.014"/>
  <system-out/>
  <testcase classname="testNG.Dependencies" name="facebook" time="1.777"/>
  <system-out/>
</testsuite> <!-- testNG.Dependencies -->
