<?xml version="1.0" encoding="UTF-8"?>
<!-- Generated by org.testng.reporters.JUnitReportReporter -->
<testsuite hostname="DESKTOP-TVJIMI8" failures="0" tests="3" name="testNG.TestCase" time="10.236" errors="0" timestamp="2021-10-22T10:32:26 IST" skipped="0">
  <testcase classname="testNG.TestCase" name="inst" time="3.130"/>
  <system-out/>
  <testcase classname="testNG.TestCase" name="openGoogle" time="5.015"/>
  <system-out/>
  <testcase classname="testNG.TestCase" name="faceook" time="2.091"/>
  <system-out/>
</testsuite> <!-- testNG.TestCase -->
